# JRE version: OpenJDK Runtime Environment Temurin-17.0.9+9 (17.0.9+9) (build 17.0.9+9)
# Java VM: OpenJDK 64-Bit Server VM Temurin-17.0.9+9 (17.0.9+9, mixed mode, emulated-client, tiered, compressed oops, compressed class ptrs, g1 gc, windows-amd64)
GC Precious Log:
 CPUs: 4 total, 4 available
 Memory: 4017M
 Large Page Support: Disabled
 NUMA Support: Disabled
 Compressed Oops: Enabled (32-bit)
 Heap Region Size: 1M
 Heap Min Capacity: 8M
 Heap Initial Capacity: 64M
 Heap Max Capacity: 1G
 Pre-touch: Disabled
 Parallel Workers: 4
 Concurrent Workers: 1
 Concurrent Refinement Workers: 4
 Periodic GC: Disabled
Heap:
 garbage-first heap   total 65536K, used 22050K [0x00000000c0000000, 0x0000000100000000)
  region size 1024K, 1 young (1024K), 0 survivors (0K)
 Metaspace       used 38436K, committed 38976K, reserved 1114112K
  class space    used 5059K, committed 5248K, reserved 1048576K
GC Heap History (20 events):
Event: 591.680 GC heap before
{Heap before GC invocations=60 (full 49):
 garbage-first heap   total 65536K, used 22050K [0x00000000c0000000, 0x0000000100000000)
  region size 1024K, 1 young (1024K), 0 survivors (0K)
 Metaspace       used 38436K, committed 38976K, reserved 1114112K
  class space    used 5059K, committed 5248K, reserved 1048576K
}
Event: 591.712 GC heap after
{Heap after GC invocations=61 (full 50):
 garbage-first heap   total 65536K, used 22050K [0x00000000c0000000, 0x0000000100000000)
  region size 1024K, 0 young (0K), 0 survivors (0K)
 Metaspace       used 38436K, committed 38976K, reserved 1114112K
  class space    used 5059K, committed 5248K, reserved 1048576K
}
Event: 602.750 GC heap before
{Heap before GC invocations=61 (full 50):
 garbage-first heap   total 65536K, used 22050K [0x00000000c0000000, 0x0000000100000000)
  region size 1024K, 1 young (1024K), 0 survivors (0K)
 Metaspace       used 38436K, committed 38976K, reserved 1114112K
  class space    used 5059K, committed 5248K, reserved 1048576K
}
Event: 602.788 GC heap after
{Heap after GC invocations=62 (full 51):
 garbage-first heap   total 65536K, used 22050K [0x00000000c0000000, 0x0000000100000000)
  region size 1024K, 0 young (0K), 0 survivors (0K)
 Metaspace       used 38436K, committed 38976K, reserved 1114112K
  class space    used 5059K, committed 5248K, reserved 1048576K
}
Event: 613.829 GC heap before
{Heap before GC invocations=62 (full 51):
 garbage-first heap   total 65536K, used 22050K [0x00000000c0000000, 0x0000000100000000)
  region size 1024K, 1 young (1024K), 0 survivors (0K)
 Metaspace       used 38436K, committed 38976K, reserved 1114112K
  class space    used 5059K, committed 5248K, reserved 1048576K
}
Event: 613.863 GC heap after
{Heap after GC invocations=63 (full 52):
 garbage-first heap   total 65536K, used 22050K [0x00000000c0000000, 0x0000000100000000)
  region size 1024K, 0 young (0K), 0 survivors (0K)
 Metaspace       used 38436K, committed 38976K, reserved 1114112K
  class space    used 5059K, committed 5248K, reserved 1048576K
}
Event: 624.879 GC heap before
{Heap before GC invocations=63 (full 52):
 garbage-first heap   total 65536K, used 22050K [0x00000000c0000000, 0x0000000100000000)
  region size 1024K, 1 young (1024K), 0 survivors (0K)
 Metaspace       used 38436K, committed 38976K, reserved 1114112K
  class space    used 5059K, committed 5248K, reserved 1048576K
}
Event: 624.906 GC heap after
{Heap after GC invocations=64 (full 53):
 garbage-first heap   total 65536K, used 22050K [0x00000000c0000000, 0x0000000100000000)
  region size 1024K, 0 young (0K), 0 survivors (0K)
 Metaspace       used 38436K, committed 38976K, reserved 1114112K
  class space    used 5059K, committed 5248K, reserved 1048576K
}
Event: 635.920 GC heap before
{Heap before GC invocations=64 (full 53):
 garbage-first heap   total 65536K, used 22050K [0x00000000c0000000, 0x0000000100000000)
  region size 1024K, 1 young (1024K), 0 survivors (0K)
 Metaspace       used 38436K, committed 38976K, reserved 1114112K
  class space    used 5059K, committed 5248K, reserved 1048576K
}
Event: 635.946 GC heap after
{Heap after GC invocations=65 (full 54):
 garbage-first heap   total 65536K, used 22050K [0x00000000c0000000, 0x0000000100000000)
  region size 1024K, 0 young (0K), 0 survivors (0K)
 Metaspace       used 38436K, committed 38976K, reserved 1114112K
  class space    used 5059K, committed 5248K, reserved 1048576K
}
Event: 646.983 GC heap before
{Heap before GC invocations=65 (full 54):
 garbage-first heap   total 65536K, used 22050K [0x00000000c0000000, 0x0000000100000000)
  region size 1024K, 1 young (1024K), 0 survivors (0K)
 Metaspace       used 38436K, committed 38976K, reserved 1114112K
  class space    used 5059K, committed 5248K, reserved 1048576K
}
Event: 647.013 GC heap after
{Heap after GC invocations=66 (full 55):
 garbage-first heap   total 65536K, used 22050K [0x00000000c0000000, 0x0000000100000000)
  region size 1024K, 0 young (0K), 0 survivors (0K)
 Metaspace       used 38436K, committed 38976K, reserved 1114112K
  class space    used 5059K, committed 5248K, reserved 1048576K
}
Event: 658.049 GC heap before
{Heap before GC invocations=66 (full 55):
 garbage-first heap   total 65536K, used 22050K [0x00000000c0000000, 0x0000000100000000)
  region size 1024K, 1 young (1024K), 0 survivors (0K)
 Metaspace       used 38436K, committed 38976K, reserved 1114112K
  class space    used 5059K, committed 5248K, reserved 1048576K
}
Event: 658.087 GC heap after
{Heap after GC invocations=67 (full 56):
 garbage-first heap   total 65536K, used 22050K [0x00000000c0000000, 0x0000000100000000)
  region size 1024K, 0 young (0K), 0 survivors (0K)
 Metaspace       used 38436K, committed 38976K, reserved 1114112K
  class space    used 5059K, committed 5248K, reserved 1048576K
}
Event: 669.132 GC heap before
{Heap before GC invocations=67 (full 56):
 garbage-first heap   total 65536K, used 22050K [0x00000000c0000000, 0x0000000100000000)
  region size 1024K, 1 young (1024K), 0 survivors (0K)
 Metaspace       used 38436K, committed 38976K, reserved 1114112K
  class space    used 5059K, committed 5248K, reserved 1048576K
}
Event: 669.165 GC heap after
{Heap after GC invocations=68 (full 57):
 garbage-first heap   total 65536K, used 22050K [0x00000000c0000000, 0x0000000100000000)
  region size 1024K, 0 young (0K), 0 survivors (0K)
 Metaspace       used 38436K, committed 38976K, reserved 1114112K
  class space    used 5059K, committed 5248K, reserved 1048576K
}
Event: 680.199 GC heap before
{Heap before GC invocations=68 (full 57):
 garbage-first heap   total 65536K, used 22050K [0x00000000c0000000, 0x0000000100000000)
  region size 1024K, 1 young (1024K), 0 survivors (0K)
 Metaspace       used 38436K, committed 38976K, reserved 1114112K
  class space    used 5059K, committed 5248K, reserved 1048576K
}
Event: 680.234 GC heap after
{Heap after GC invocations=69 (full 58):
 garbage-first heap   total 65536K, used 22050K [0x00000000c0000000, 0x0000000100000000)
  region size 1024K, 0 young (0K), 0 survivors (0K)
 Metaspace       used 38436K, committed 38976K, reserved 1114112K
  class space    used 5059K, committed 5248K, reserved 1048576K
}
Event: 691.264 GC heap before
{Heap before GC invocations=69 (full 58):
 garbage-first heap   total 65536K, used 22050K [0x00000000c0000000, 0x0000000100000000)
  region size 1024K, 1 young (1024K), 0 survivors (0K)
 Metaspace       used 38436K, committed 38976K, reserved 1114112K
  class space    used 5059K, committed 5248K, reserved 1048576K
}
Event: 691.289 GC heap after
{Heap after GC invocations=70 (full 59):
 garbage-first heap   total 65536K, used 22050K [0x00000000c0000000, 0x0000000100000000)
  region size 1024K, 0 young (0K), 0 survivors (0K)
 Metaspace       used 38436K, committed 38976K, reserved 1114112K
  class space    used 5059K, committed 5248K, reserved 1048576K
}

