# JRE version: OpenJDK Runtime Environment Temurin-17.0.9+9 (17.0.9+9) (build 17.0.9+9)
# Java VM: OpenJDK 64-Bit Server VM Temurin-17.0.9+9 (17.0.9+9, mixed mode, emulated-client, tiered, compressed oops, compressed class ptrs, g1 gc, windows-amd64)
GC Precious Log:
 CPUs: 4 total, 4 available
 Memory: 4017M
 Large Page Support: Disabled
 NUMA Support: Disabled
 Compressed Oops: Enabled (32-bit)
 Heap Region Size: 1M
 Heap Min Capacity: 8M
 Heap Initial Capacity: 64M
 Heap Max Capacity: 1G
 Pre-touch: Disabled
 Parallel Workers: 4
 Concurrent Workers: 1
 Concurrent Refinement Workers: 4
 Periodic GC: Disabled
Heap:
 garbage-first heap   total 81920K, used 37129K [0x00000000c0000000, 0x0000000100000000)
  region size 1024K, 1 young (1024K), 0 survivors (0K)
 Metaspace       used 60284K, committed 60800K, reserved 1114112K
  class space    used 7544K, committed 7744K, reserved 1048576K
GC Heap History (20 events):
Event: 14591.461 GC heap before
{Heap before GC invocations=1003 (full 967):
 garbage-first heap   total 81920K, used 37129K [0x00000000c0000000, 0x0000000100000000)
  region size 1024K, 1 young (1024K), 0 survivors (0K)
 Metaspace       used 60284K, committed 60800K, reserved 1114112K
  class space    used 7544K, committed 7744K, reserved 1048576K
}
Event: 14591.579 GC heap after
{Heap after GC invocations=1004 (full 968):
 garbage-first heap   total 81920K, used 37129K [0x00000000c0000000, 0x0000000100000000)
  region size 1024K, 0 young (0K), 0 survivors (0K)
 Metaspace       used 60284K, committed 60800K, reserved 1114112K
  class space    used 7544K, committed 7744K, reserved 1048576K
}
Event: 14611.131 GC heap before
{Heap before GC invocations=1004 (full 968):
 garbage-first heap   total 81920K, used 37129K [0x00000000c0000000, 0x0000000100000000)
  region size 1024K, 1 young (1024K), 0 survivors (0K)
 Metaspace       used 60284K, committed 60800K, reserved 1114112K
  class space    used 7544K, committed 7744K, reserved 1048576K
}
Event: 14611.210 GC heap after
{Heap after GC invocations=1005 (full 969):
 garbage-first heap   total 81920K, used 37129K [0x00000000c0000000, 0x0000000100000000)
  region size 1024K, 0 young (0K), 0 survivors (0K)
 Metaspace       used 60284K, committed 60800K, reserved 1114112K
  class space    used 7544K, committed 7744K, reserved 1048576K
}
Event: 14625.064 GC heap before
{Heap before GC invocations=1005 (full 969):
 garbage-first heap   total 81920K, used 37129K [0x00000000c0000000, 0x0000000100000000)
  region size 1024K, 1 young (1024K), 0 survivors (0K)
 Metaspace       used 60284K, committed 60800K, reserved 1114112K
  class space    used 7544K, committed 7744K, reserved 1048576K
}
Event: 14625.159 GC heap after
{Heap after GC invocations=1006 (full 970):
 garbage-first heap   total 81920K, used 37129K [0x00000000c0000000, 0x0000000100000000)
  region size 1024K, 0 young (0K), 0 survivors (0K)
 Metaspace       used 60284K, committed 60800K, reserved 1114112K
  class space    used 7544K, committed 7744K, reserved 1048576K
}
Event: 14637.609 GC heap before
{Heap before GC invocations=1006 (full 970):
 garbage-first heap   total 81920K, used 37129K [0x00000000c0000000, 0x0000000100000000)
  region size 1024K, 1 young (1024K), 0 survivors (0K)
 Metaspace       used 60284K, committed 60800K, reserved 1114112K
  class space    used 7544K, committed 7744K, reserved 1048576K
}
Event: 14637.690 GC heap after
{Heap after GC invocations=1007 (full 971):
 garbage-first heap   total 81920K, used 37129K [0x00000000c0000000, 0x0000000100000000)
  region size 1024K, 0 young (0K), 0 survivors (0K)
 Metaspace       used 60284K, committed 60800K, reserved 1114112K
  class space    used 7544K, committed 7744K, reserved 1048576K
}
Event: 14649.130 GC heap before
{Heap before GC invocations=1007 (full 971):
 garbage-first heap   total 81920K, used 37129K [0x00000000c0000000, 0x0000000100000000)
  region size 1024K, 1 young (1024K), 0 survivors (0K)
 Metaspace       used 60284K, committed 60800K, reserved 1114112K
  class space    used 7544K, committed 7744K, reserved 1048576K
}
Event: 14649.208 GC heap after
{Heap after GC invocations=1008 (full 972):
 garbage-first heap   total 81920K, used 37129K [0x00000000c0000000, 0x0000000100000000)
  region size 1024K, 0 young (0K), 0 survivors (0K)
 Metaspace       used 60284K, committed 60800K, reserved 1114112K
  class space    used 7544K, committed 7744K, reserved 1048576K
}
Event: 14660.589 GC heap before
{Heap before GC invocations=1008 (full 972):
 garbage-first heap   total 81920K, used 37129K [0x00000000c0000000, 0x0000000100000000)
  region size 1024K, 1 young (1024K), 0 survivors (0K)
 Metaspace       used 60284K, committed 60800K, reserved 1114112K
  class space    used 7544K, committed 7744K, reserved 1048576K
}
Event: 14660.671 GC heap after
{Heap after GC invocations=1009 (full 973):
 garbage-first heap   total 81920K, used 37129K [0x00000000c0000000, 0x0000000100000000)
  region size 1024K, 0 young (0K), 0 survivors (0K)
 Metaspace       used 60284K, committed 60800K, reserved 1114112K
  class space    used 7544K, committed 7744K, reserved 1048576K
}
Event: 14672.340 GC heap before
{Heap before GC invocations=1009 (full 973):
 garbage-first heap   total 81920K, used 37129K [0x00000000c0000000, 0x0000000100000000)
  region size 1024K, 1 young (1024K), 0 survivors (0K)
 Metaspace       used 60284K, committed 60800K, reserved 1114112K
  class space    used 7544K, committed 7744K, reserved 1048576K
}
Event: 14672.419 GC heap after
{Heap after GC invocations=1010 (full 974):
 garbage-first heap   total 81920K, used 37129K [0x00000000c0000000, 0x0000000100000000)
  region size 1024K, 0 young (0K), 0 survivors (0K)
 Metaspace       used 60284K, committed 60800K, reserved 1114112K
  class space    used 7544K, committed 7744K, reserved 1048576K
}
Event: 14683.805 GC heap before
{Heap before GC invocations=1010 (full 974):
 garbage-first heap   total 81920K, used 37129K [0x00000000c0000000, 0x0000000100000000)
  region size 1024K, 1 young (1024K), 0 survivors (0K)
 Metaspace       used 60284K, committed 60800K, reserved 1114112K
  class space    used 7544K, committed 7744K, reserved 1048576K
}
Event: 14683.883 GC heap after
{Heap after GC invocations=1011 (full 975):
 garbage-first heap   total 81920K, used 37129K [0x00000000c0000000, 0x0000000100000000)
  region size 1024K, 0 young (0K), 0 survivors (0K)
 Metaspace       used 60284K, committed 60800K, reserved 1114112K
  class space    used 7544K, committed 7744K, reserved 1048576K
}
Event: 14695.153 GC heap before
{Heap before GC invocations=1011 (full 975):
 garbage-first heap   total 81920K, used 37129K [0x00000000c0000000, 0x0000000100000000)
  region size 1024K, 1 young (1024K), 0 survivors (0K)
 Metaspace       used 60284K, committed 60800K, reserved 1114112K
  class space    used 7544K, committed 7744K, reserved 1048576K
}
Event: 14695.230 GC heap after
{Heap after GC invocations=1012 (full 976):
 garbage-first heap   total 81920K, used 37129K [0x00000000c0000000, 0x0000000100000000)
  region size 1024K, 0 young (0K), 0 survivors (0K)
 Metaspace       used 60284K, committed 60800K, reserved 1114112K
  class space    used 7544K, committed 7744K, reserved 1048576K
}
Event: 14706.788 GC heap before
{Heap before GC invocations=1012 (full 976):
 garbage-first heap   total 81920K, used 37129K [0x00000000c0000000, 0x0000000100000000)
  region size 1024K, 1 young (1024K), 0 survivors (0K)
 Metaspace       used 60284K, committed 60800K, reserved 1114112K
  class space    used 7544K, committed 7744K, reserved 1048576K
}
Event: 14706.863 GC heap after
{Heap after GC invocations=1013 (full 977):
 garbage-first heap   total 81920K, used 37129K [0x00000000c0000000, 0x0000000100000000)
  region size 1024K, 0 young (0K), 0 survivors (0K)
 Metaspace       used 60284K, committed 60800K, reserved 1114112K
  class space    used 7544K, committed 7744K, reserved 1048576K
}

