# JRE version: OpenJDK Runtime Environment Temurin-17.0.9+9 (17.0.9+9) (build 17.0.9+9)
# Java VM: OpenJDK 64-Bit Server VM Temurin-17.0.9+9 (17.0.9+9, mixed mode, emulated-client, tiered, compressed oops, compressed class ptrs, g1 gc, windows-amd64)
GC Precious Log:
 CPUs: 4 total, 4 available
 Memory: 4017M
 Large Page Support: Disabled
 NUMA Support: Disabled
 Compressed Oops: Enabled (32-bit)
 Heap Region Size: 1M
 Heap Min Capacity: 8M
 Heap Initial Capacity: 64M
 Heap Max Capacity: 1G
 Pre-touch: Disabled
 Parallel Workers: 4
 Concurrent Workers: 1
 Concurrent Refinement Workers: 4
 Periodic GC: Disabled
Heap:
 garbage-first heap   total 65536K, used 28438K [0x00000000c0000000, 0x0000000100000000)
  region size 1024K, 4 young (4096K), 1 survivors (1024K)
 Metaspace       used 35807K, committed 36160K, reserved 1114112K
  class space    used 4628K, committed 4800K, reserved 1048576K
GC Heap History (18 events):
Event: 2.378 GC heap before
{Heap before GC invocations=0 (full 0):
 garbage-first heap   total 65536K, used 16384K [0x00000000c0000000, 0x0000000100000000)
  region size 1024K, 13 young (13312K), 0 survivors (0K)
 Metaspace       used 5765K, committed 5888K, reserved 1114112K
  class space    used 554K, committed 640K, reserved 1048576K
}
Event: 2.395 GC heap after
{Heap after GC invocations=1 (full 0):
 garbage-first heap   total 65536K, used 12595K [0x00000000c0000000, 0x0000000100000000)
  region size 1024K, 2 young (2048K), 2 survivors (2048K)
 Metaspace       used 5765K, committed 5888K, reserved 1114112K
  class space    used 554K, committed 640K, reserved 1048576K
}
Event: 4.590 GC heap before
{Heap before GC invocations=1 (full 0):
 garbage-first heap   total 65536K, used 20787K [0x00000000c0000000, 0x0000000100000000)
  region size 1024K, 10 young (10240K), 2 survivors (2048K)
 Metaspace       used 7893K, committed 8064K, reserved 1114112K
  class space    used 852K, committed 960K, reserved 1048576K
}
Event: 4.594 GC heap after
{Heap after GC invocations=2 (full 0):
 garbage-first heap   total 65536K, used 14040K [0x00000000c0000000, 0x0000000100000000)
  region size 1024K, 2 young (2048K), 2 survivors (2048K)
 Metaspace       used 7893K, committed 8064K, reserved 1114112K
  class space    used 852K, committed 960K, reserved 1048576K
}
Event: 7.421 GC heap before
{Heap before GC invocations=2 (full 0):
 garbage-first heap   total 65536K, used 28376K [0x00000000c0000000, 0x0000000100000000)
  region size 1024K, 16 young (16384K), 2 survivors (2048K)
 Metaspace       used 11830K, committed 12032K, reserved 1114112K
  class space    used 1452K, committed 1536K, reserved 1048576K
}
Event: 7.426 GC heap after
{Heap after GC invocations=3 (full 0):
 garbage-first heap   total 65536K, used 15150K [0x00000000c0000000, 0x0000000100000000)
  region size 1024K, 1 young (1024K), 1 survivors (1024K)
 Metaspace       used 11830K, committed 12032K, reserved 1114112K
  class space    used 1452K, committed 1536K, reserved 1048576K
}
Event: 9.869 GC heap before
{Heap before GC invocations=3 (full 0):
 garbage-first heap   total 65536K, used 36654K [0x00000000c0000000, 0x0000000100000000)
  region size 1024K, 23 young (23552K), 1 survivors (1024K)
 Metaspace       used 17256K, committed 17536K, reserved 1114112K
  class space    used 2190K, committed 2304K, reserved 1048576K
}
Event: 9.878 GC heap after
{Heap after GC invocations=4 (full 0):
 garbage-first heap   total 65536K, used 17459K [0x00000000c0000000, 0x0000000100000000)
  region size 1024K, 3 young (3072K), 3 survivors (3072K)
 Metaspace       used 17256K, committed 17536K, reserved 1114112K
  class space    used 2190K, committed 2304K, reserved 1048576K
}
Event: 10.483 GC heap before
{Heap before GC invocations=4 (full 0):
 garbage-first heap   total 65536K, used 32819K [0x00000000c0000000, 0x0000000100000000)
  region size 1024K, 20 young (20480K), 3 survivors (3072K)
 Metaspace       used 21266K, committed 21504K, reserved 1114112K
  class space    used 2614K, committed 2752K, reserved 1048576K
}
Event: 10.497 GC heap after
{Heap after GC invocations=5 (full 0):
 garbage-first heap   total 65536K, used 19042K [0x00000000c0000000, 0x0000000100000000)
  region size 1024K, 2 young (2048K), 2 survivors (2048K)
 Metaspace       used 21266K, committed 21504K, reserved 1114112K
  class space    used 2614K, committed 2752K, reserved 1048576K
}
Event: 11.402 GC heap before
{Heap before GC invocations=6 (full 0):
 garbage-first heap   total 65536K, used 42594K [0x00000000c0000000, 0x0000000100000000)
  region size 1024K, 26 young (26624K), 2 survivors (2048K)
 Metaspace       used 26517K, committed 26816K, reserved 1114112K
  class space    used 3302K, committed 3456K, reserved 1048576K
}
Event: 11.411 GC heap after
{Heap after GC invocations=7 (full 0):
 garbage-first heap   total 65536K, used 20806K [0x00000000c0000000, 0x0000000100000000)
  region size 1024K, 4 young (4096K), 4 survivors (4096K)
 Metaspace       used 26517K, committed 26816K, reserved 1114112K
  class space    used 3302K, committed 3456K, reserved 1048576K
}
Event: 15.116 GC heap before
{Heap before GC invocations=7 (full 0):
 garbage-first heap   total 65536K, used 45382K [0x00000000c0000000, 0x0000000100000000)
  region size 1024K, 28 young (28672K), 4 survivors (4096K)
 Metaspace       used 29552K, committed 29888K, reserved 1114112K
  class space    used 3699K, committed 3840K, reserved 1048576K
}
Event: 15.132 GC heap after
{Heap after GC invocations=8 (full 0):
 garbage-first heap   total 65536K, used 22651K [0x00000000c0000000, 0x0000000100000000)
  region size 1024K, 4 young (4096K), 4 survivors (4096K)
 Metaspace       used 29552K, committed 29888K, reserved 1114112K
  class space    used 3699K, committed 3840K, reserved 1048576K
}
Event: 17.128 GC heap before
{Heap before GC invocations=8 (full 0):
 garbage-first heap   total 65536K, used 47227K [0x00000000c0000000, 0x0000000100000000)
  region size 1024K, 28 young (28672K), 4 survivors (4096K)
 Metaspace       used 32758K, committed 33152K, reserved 1114112K
  class space    used 4185K, committed 4352K, reserved 1048576K
}
Event: 17.147 GC heap after
{Heap after GC invocations=9 (full 0):
 garbage-first heap   total 65536K, used 25209K [0x00000000c0000000, 0x0000000100000000)
  region size 1024K, 4 young (4096K), 4 survivors (4096K)
 Metaspace       used 32758K, committed 33152K, reserved 1114112K
  class space    used 4185K, committed 4352K, reserved 1048576K
}
Event: 18.837 GC heap before
{Heap before GC invocations=9 (full 0):
 garbage-first heap   total 65536K, used 37497K [0x00000000c0000000, 0x0000000100000000)
  region size 1024K, 17 young (17408K), 4 survivors (4096K)
 Metaspace       used 35558K, committed 35968K, reserved 1114112K
  class space    used 4570K, committed 4800K, reserved 1048576K
}
Event: 18.855 GC heap after
{Heap after GC invocations=10 (full 0):
 garbage-first heap   total 65536K, used 26390K [0x00000000c0000000, 0x0000000100000000)
  region size 1024K, 1 young (1024K), 1 survivors (1024K)
 Metaspace       used 35558K, committed 35968K, reserved 1114112K
  class space    used 4570K, committed 4800K, reserved 1048576K
}

