# JRE version: OpenJDK Runtime Environment Temurin-17.0.9+9 (17.0.9+9) (build 17.0.9+9)
# Java VM: OpenJDK 64-Bit Server VM Temurin-17.0.9+9 (17.0.9+9, mixed mode, emulated-client, tiered, compressed oops, compressed class ptrs, g1 gc, windows-amd64)
GC Precious Log:
 CPUs: 4 total, 4 available
 Memory: 4017M
 Large Page Support: Disabled
 NUMA Support: Disabled
 Compressed Oops: Enabled (32-bit)
 Heap Region Size: 1M
 Heap Min Capacity: 8M
 Heap Initial Capacity: 64M
 Heap Max Capacity: 1G
 Pre-touch: Disabled
 Parallel Workers: 4
 Concurrent Workers: 1
 Concurrent Refinement Workers: 4
 Periodic GC: Disabled
Heap:
 garbage-first heap   total 99328K, used 35367K [0x00000000c0000000, 0x0000000100000000)
  region size 1024K, 1 young (1024K), 0 survivors (0K)
 Metaspace       used 59341K, committed 59776K, reserved 1114112K
  class space    used 7405K, committed 7616K, reserved 1048576K
GC Heap History (20 events):
Event: 46753.486 GC heap before
{Heap before GC invocations=2673 (full 2521):
 garbage-first heap   total 99328K, used 35367K [0x00000000c0000000, 0x0000000100000000)
  region size 1024K, 1 young (1024K), 0 survivors (0K)
 Metaspace       used 59341K, committed 59776K, reserved 1114112K
  class space    used 7405K, committed 7616K, reserved 1048576K
}
Event: 46753.547 GC heap after
{Heap after GC invocations=2674 (full 2522):
 garbage-first heap   total 99328K, used 35367K [0x00000000c0000000, 0x0000000100000000)
  region size 1024K, 0 young (0K), 0 survivors (0K)
 Metaspace       used 59341K, committed 59776K, reserved 1114112K
  class space    used 7405K, committed 7616K, reserved 1048576K
}
Event: 46764.564 GC heap before
{Heap before GC invocations=2674 (full 2522):
 garbage-first heap   total 99328K, used 35367K [0x00000000c0000000, 0x0000000100000000)
  region size 1024K, 1 young (1024K), 0 survivors (0K)
 Metaspace       used 59341K, committed 59776K, reserved 1114112K
  class space    used 7405K, committed 7616K, reserved 1048576K
}
Event: 46764.629 GC heap after
{Heap after GC invocations=2675 (full 2523):
 garbage-first heap   total 99328K, used 35367K [0x00000000c0000000, 0x0000000100000000)
  region size 1024K, 0 young (0K), 0 survivors (0K)
 Metaspace       used 59341K, committed 59776K, reserved 1114112K
  class space    used 7405K, committed 7616K, reserved 1048576K
}
Event: 46775.627 GC heap before
{Heap before GC invocations=2675 (full 2523):
 garbage-first heap   total 99328K, used 35367K [0x00000000c0000000, 0x0000000100000000)
  region size 1024K, 1 young (1024K), 0 survivors (0K)
 Metaspace       used 59341K, committed 59776K, reserved 1114112K
  class space    used 7405K, committed 7616K, reserved 1048576K
}
Event: 46775.688 GC heap after
{Heap after GC invocations=2676 (full 2524):
 garbage-first heap   total 99328K, used 35367K [0x00000000c0000000, 0x0000000100000000)
  region size 1024K, 0 young (0K), 0 survivors (0K)
 Metaspace       used 59341K, committed 59776K, reserved 1114112K
  class space    used 7405K, committed 7616K, reserved 1048576K
}
Event: 46786.733 GC heap before
{Heap before GC invocations=2676 (full 2524):
 garbage-first heap   total 99328K, used 35367K [0x00000000c0000000, 0x0000000100000000)
  region size 1024K, 1 young (1024K), 0 survivors (0K)
 Metaspace       used 59341K, committed 59776K, reserved 1114112K
  class space    used 7405K, committed 7616K, reserved 1048576K
}
Event: 46786.806 GC heap after
{Heap after GC invocations=2677 (full 2525):
 garbage-first heap   total 99328K, used 35367K [0x00000000c0000000, 0x0000000100000000)
  region size 1024K, 0 young (0K), 0 survivors (0K)
 Metaspace       used 59341K, committed 59776K, reserved 1114112K
  class space    used 7405K, committed 7616K, reserved 1048576K
}
Event: 46797.786 GC heap before
{Heap before GC invocations=2677 (full 2525):
 garbage-first heap   total 99328K, used 35367K [0x00000000c0000000, 0x0000000100000000)
  region size 1024K, 1 young (1024K), 0 survivors (0K)
 Metaspace       used 59341K, committed 59776K, reserved 1114112K
  class space    used 7405K, committed 7616K, reserved 1048576K
}
Event: 46797.863 GC heap after
{Heap after GC invocations=2678 (full 2526):
 garbage-first heap   total 99328K, used 35367K [0x00000000c0000000, 0x0000000100000000)
  region size 1024K, 0 young (0K), 0 survivors (0K)
 Metaspace       used 59341K, committed 59776K, reserved 1114112K
  class space    used 7405K, committed 7616K, reserved 1048576K
}
Event: 46808.961 GC heap before
{Heap before GC invocations=2678 (full 2526):
 garbage-first heap   total 99328K, used 35367K [0x00000000c0000000, 0x0000000100000000)
  region size 1024K, 1 young (1024K), 0 survivors (0K)
 Metaspace       used 59341K, committed 59776K, reserved 1114112K
  class space    used 7405K, committed 7616K, reserved 1048576K
}
Event: 46809.032 GC heap after
{Heap after GC invocations=2679 (full 2527):
 garbage-first heap   total 99328K, used 35367K [0x00000000c0000000, 0x0000000100000000)
  region size 1024K, 0 young (0K), 0 survivors (0K)
 Metaspace       used 59341K, committed 59776K, reserved 1114112K
  class space    used 7405K, committed 7616K, reserved 1048576K
}
Event: 46820.052 GC heap before
{Heap before GC invocations=2679 (full 2527):
 garbage-first heap   total 99328K, used 35367K [0x00000000c0000000, 0x0000000100000000)
  region size 1024K, 1 young (1024K), 0 survivors (0K)
 Metaspace       used 59341K, committed 59776K, reserved 1114112K
  class space    used 7405K, committed 7616K, reserved 1048576K
}
Event: 46820.123 GC heap after
{Heap after GC invocations=2680 (full 2528):
 garbage-first heap   total 99328K, used 35367K [0x00000000c0000000, 0x0000000100000000)
  region size 1024K, 0 young (0K), 0 survivors (0K)
 Metaspace       used 59341K, committed 59776K, reserved 1114112K
  class space    used 7405K, committed 7616K, reserved 1048576K
}
Event: 46831.140 GC heap before
{Heap before GC invocations=2680 (full 2528):
 garbage-first heap   total 99328K, used 35367K [0x00000000c0000000, 0x0000000100000000)
  region size 1024K, 1 young (1024K), 0 survivors (0K)
 Metaspace       used 59341K, committed 59776K, reserved 1114112K
  class space    used 7405K, committed 7616K, reserved 1048576K
}
Event: 46831.213 GC heap after
{Heap after GC invocations=2681 (full 2529):
 garbage-first heap   total 99328K, used 35367K [0x00000000c0000000, 0x0000000100000000)
  region size 1024K, 0 young (0K), 0 survivors (0K)
 Metaspace       used 59341K, committed 59776K, reserved 1114112K
  class space    used 7405K, committed 7616K, reserved 1048576K
}
Event: 46842.243 GC heap before
{Heap before GC invocations=2681 (full 2529):
 garbage-first heap   total 99328K, used 35367K [0x00000000c0000000, 0x0000000100000000)
  region size 1024K, 1 young (1024K), 0 survivors (0K)
 Metaspace       used 59341K, committed 59776K, reserved 1114112K
  class space    used 7405K, committed 7616K, reserved 1048576K
}
Event: 46842.300 GC heap after
{Heap after GC invocations=2682 (full 2530):
 garbage-first heap   total 99328K, used 35367K [0x00000000c0000000, 0x0000000100000000)
  region size 1024K, 0 young (0K), 0 survivors (0K)
 Metaspace       used 59341K, committed 59776K, reserved 1114112K
  class space    used 7405K, committed 7616K, reserved 1048576K
}
Event: 46853.307 GC heap before
{Heap before GC invocations=2682 (full 2530):
 garbage-first heap   total 99328K, used 35367K [0x00000000c0000000, 0x0000000100000000)
  region size 1024K, 1 young (1024K), 0 survivors (0K)
 Metaspace       used 59341K, committed 59776K, reserved 1114112K
  class space    used 7405K, committed 7616K, reserved 1048576K
}
Event: 46853.372 GC heap after
{Heap after GC invocations=2683 (full 2531):
 garbage-first heap   total 99328K, used 35367K [0x00000000c0000000, 0x0000000100000000)
  region size 1024K, 0 young (0K), 0 survivors (0K)
 Metaspace       used 59341K, committed 59776K, reserved 1114112K
  class space    used 7405K, committed 7616K, reserved 1048576K
}

